[2018-01-05 00.45.24]	Starting...
[2018-01-05 00.45.24]		[Dataset]	FB15k
[2018-01-05 00.45.24]	LinkPredictionTail
[2018-01-05 00.45.24]		[Name]	TransE
[2018-01-05 00.45.24]		[Dimension]	100
[2018-01-05 00.45.24]		[Learning Rate]	0.001
[2018-01-05 00.45.24]		[Training Threshold]	1.8
[2018-01-05 00.45.24]		[Name]	SemanticModel.TransE
[2018-01-05 00.45.24]		[Dimension]	100
[2018-01-05 00.45.24]		[Learning Rate]	0.001
[2018-01-05 00.45.24]		[Training Threshold]	1.8
[2018-01-05 00.45.24]		[Topic Model]	LSI
[2018-01-05 00.45.24]		[V_semantic]	 random initialize
[2018-01-05 00.45.24]		[Balance]	0.2
[2018-01-05 00.45.25]		[Name]	SemanticModel.Joint
[2018-01-05 00.45.25]		[Factor]	0.1
[2018-01-05 00.45.27]		success load neighbor documents	
[2018-01-05 00.45.36]		[Epos]	10000
[2018-01-05 16.29.34]	
[2018-01-05 17.06.19]	
[2018-01-05 17.06.19]	Raw.BestMEANS = 202.731
[2018-01-05 17.06.19]	Raw.BestMRR = 0.239629
[2018-01-05 17.06.19]	Raw.BestHITS = 0.489248
[2018-01-05 17.06.19]	Filter.BestMEANS = 83.8337
[2018-01-05 17.06.19]	Filter.BestMRR= 0.51254
[2018-01-05 17.06.19]	Filter.BestHITS = 0.736138
[2018-01-05 17.41.49]	
[2018-01-05 17.41.49]	Raw.BestMEANS = 127.24
[2018-01-05 17.41.49]	Raw.BestMRR = 0.301833
[2018-01-05 17.41.49]	Raw.BestHITS = 0.570247
[2018-01-05 17.41.49]	Filter.BestMEANS = 55.9517
[2018-01-05 17.41.49]	Filter.BestMRR= 0.573129
[2018-01-05 17.41.49]	Filter.BestHITS = 0.801619
[2018-01-05 17.41.54]	10000	 Accuracy = 0.98334, Best = 0.98334
[2018-01-05 17.41.54]	
