[2018-01-26 17.53.25]	Starting...
[2018-01-26 17.53.25]		[Dataset]	FB15k
[2018-01-26 17.53.25]	LinkPredictionTail
[2018-01-26 17.53.25]		[Name]	TransE
[2018-01-26 17.53.25]		[Dimension]	100
[2018-01-26 17.53.25]		[Learning Rate]	0.001
[2018-01-26 17.53.25]		[Training Threshold]	1.8
[2018-01-26 17.53.26]		[Name]	SemanticModel.TransE
[2018-01-26 17.53.26]		[Dimension]	100
[2018-01-26 17.53.26]		[Learning Rate]	0.001
[2018-01-26 17.53.26]		[Training Threshold]	1.8
[2018-01-26 17.53.26]		[Topic Model]	LSI
[2018-01-26 17.53.26]		[V_semantic]	 random initialize
[2018-01-26 17.53.26]		[Balance]	0.2
[2018-01-26 17.53.27]		[Name]	SemanticModel.Joint
[2018-01-26 17.53.27]		[Factor]	0.1
[2018-01-26 17.53.29]		success load neighbor documents	
[2018-01-26 17.53.38]		success load description documents	
[2018-01-26 17.53.38]		[Epos]	10000
[2018-01-27 11.18.01]	
[2018-01-27 11.40.30]	
[2018-01-27 11.40.30]	Raw.BestMEANS = 181.197
[2018-01-27 11.40.30]	Raw.BestMRR = 0.214126
[2018-01-27 11.40.30]	Raw.BestHITS = 0.46098
[2018-01-27 11.40.30]	Filter.BestMEANS = 78.3045
[2018-01-27 11.40.30]	Filter.BestMRR= 0.45928
[2018-01-27 11.40.30]	Filter.BestHITS = 0.672543
[2018-01-27 16.43.55]	1:0.833333
[2018-01-27 16.43.55]	2:0.534588
[2018-01-27 16.43.55]	3:0.945776
[2018-01-27 16.43.55]	4:0.804572
[2018-01-27 16.43.55]	
[2018-01-27 16.43.55]	Raw.BestMEANS = 130.132
[2018-01-27 16.43.55]	Raw.BestMRR = 0.302988
[2018-01-27 16.43.55]	Raw.BestHITS = 0.57215
[2018-01-27 16.43.55]	Filter.BestMEANS = 58.1525
[2018-01-27 16.43.55]	Filter.BestMRR= 0.575277
[2018-01-27 16.43.55]	Filter.BestHITS = 0.802277
[2018-01-27 16.44.01]	10000	 Accuracy = 0.98289, Best = 0.98289
[2018-01-27 16.44.01]	
