[2018-01-23 17.19.41]	Starting...
[2018-01-23 17.19.41]		[Dataset]	FB15k
[2018-01-23 17.19.41]	LinkPredictionTail
[2018-01-23 17.19.41]		[Name]	TransE
[2018-01-23 17.19.41]		[Dimension]	100
[2018-01-23 17.19.41]		[Learning Rate]	0.001
[2018-01-23 17.19.41]		[Training Threshold]	0.8
[2018-01-23 17.19.41]		[Name]	SemanticModel.TransE
[2018-01-23 17.19.41]		[Dimension]	100
[2018-01-23 17.19.41]		[Learning Rate]	0.001
[2018-01-23 17.19.41]		[Training Threshold]	0.8
[2018-01-23 17.19.41]		[Topic Model]	LSI
[2018-01-23 17.19.41]		[V_semantic]	 random initialize
[2018-01-23 17.19.41]		[Balance]	0.2
[2018-01-23 17.19.42]		[Name]	SemanticModel.Joint
[2018-01-23 17.19.42]		[Factor]	0.1
[2018-01-23 17.19.45]		success load neighbor documents	
[2018-01-23 17.19.54]		success load description documents	
[2018-01-23 17.19.54]		[Epos]	10000
[2018-01-24 11.47.06]	
[2018-01-24 12.08.54]	
[2018-01-24 12.08.54]	Raw.BestMEANS = 205.602
[2018-01-24 12.08.54]	Raw.BestMRR = 0.21989
[2018-01-24 12.08.54]	Raw.BestHITS = 0.45636
[2018-01-24 12.08.54]	Filter.BestMEANS = 96.6651
[2018-01-24 12.08.54]	Filter.BestMRR= 0.459908
[2018-01-24 12.08.54]	Filter.BestHITS = 0.674827
[2018-01-24 17.25.20]	1:0.779167
[2018-01-24 17.25.20]	2:0.505511
[2018-01-24 17.25.20]	3:0.937374
[2018-01-24 17.25.20]	4:0.796319
[2018-01-24 17.25.20]	
[2018-01-24 17.25.20]	Raw.BestMEANS = 135.945
[2018-01-24 17.25.20]	Raw.BestMRR = 0.298521
[2018-01-24 17.25.20]	Raw.BestHITS = 0.561874
[2018-01-24 17.25.20]	Filter.BestMEANS = 63.252
[2018-01-24 17.25.20]	Filter.BestMRR= 0.559723
[2018-01-24 17.25.20]	Filter.BestHITS = 0.791343
[2018-01-24 17.25.24]	10000	 Accuracy = 0.983842, Best = 0.983842
[2018-01-24 17.25.24]	
