[2018-01-06 15.25.11]	Starting...
[2018-01-06 15.25.11]		[Dataset]	FB15k
[2018-01-06 15.25.11]	LinkPredictionTail
[2018-01-06 15.25.11]		[Name]	TransE
[2018-01-06 15.25.11]		[Dimension]	100
[2018-01-06 15.25.11]		[Learning Rate]	0.001
[2018-01-06 15.25.11]		[Training Threshold]	1.8
[2018-01-06 15.25.12]		[Name]	SemanticModel.TransE
[2018-01-06 15.25.12]		[Dimension]	100
[2018-01-06 15.25.12]		[Learning Rate]	0.001
[2018-01-06 15.25.12]		[Training Threshold]	1.8
[2018-01-06 15.25.12]		[Topic Model]	LSI
[2018-01-06 15.25.12]		[V_semantic]	 random initialize
[2018-01-06 15.25.12]		[Balance]	0.2
[2018-01-06 15.25.13]		[Name]	SemanticModel.Joint
[2018-01-06 15.25.13]		[Factor]	0.1
[2018-01-06 15.25.16]		success load neighbor documents	
[2018-01-06 15.25.26]		[Epos]	10000
[2018-01-07 17.04.49]	
[2018-01-07 17.26.30]	
[2018-01-07 17.26.30]	Raw.BestMEANS = 184.963
[2018-01-07 17.26.30]	Raw.BestMRR = 0.217248
[2018-01-07 17.26.30]	Raw.BestHITS = 0.46636
[2018-01-07 17.26.30]	Filter.BestMEANS = 79.4337
[2018-01-07 17.26.30]	Filter.BestMRR= 0.464612
[2018-01-07 17.26.30]	Filter.BestHITS = 0.676678
[2018-01-07 17.48.22]	
[2018-01-07 17.48.22]	Raw.BestMEANS = 107.35
[2018-01-07 17.48.22]	Raw.BestMRR = 0.26039
[2018-01-07 17.48.22]	Raw.BestHITS = 0.535491
[2018-01-07 17.48.22]	Filter.BestMEANS = 51.4035
[2018-01-07 17.48.22]	Filter.BestMRR= 0.498369
[2018-01-07 17.48.22]	Filter.BestHITS = 0.705171
[2018-01-07 17.48.26]	10000	 Accuracy = 0.983305, Best = 0.983305
[2018-01-07 17.48.26]	
