[2018-01-30 15.24.35]	Starting...
[2018-01-30 15.24.35]		[Dataset]	FB15k
[2018-01-30 15.24.35]	LinkPredictionTail
[2018-01-30 15.24.35]		[Name]	TransE
[2018-01-30 15.24.35]		[Dimension]	100
[2018-01-30 15.24.35]		[Learning Rate]	0.001
[2018-01-30 15.24.35]		[Training Threshold]	1.8
[2018-01-30 15.24.35]		[Name]	SemanticModel.TransE
[2018-01-30 15.24.35]		[Dimension]	100
[2018-01-30 15.24.35]		[Learning Rate]	0.001
[2018-01-30 15.24.35]		[Training Threshold]	1.8
[2018-01-30 15.24.35]		[Topic Model]	LSI
[2018-01-30 15.24.35]		[V_semantic]	 random initialize
[2018-01-30 15.24.35]		[Balance]	0.2
[2018-01-30 15.24.36]		[Name]	SemanticModel.Joint
[2018-01-30 15.24.36]		[Factor]	0.1
[2018-01-30 15.24.36]		k 2	a 	900
[2018-01-30 15.24.38]		success load neighbor documents	
[2018-01-30 15.24.46]		success load description documents	
[2018-01-30 15.24.46]		[Epos]	10000
[2018-01-31 04.21.41]	
[2018-01-31 04.52.03]	
[2018-01-31 04.52.03]	Raw.BestMEANS = 202.55
[2018-01-31 04.52.03]	Raw.BestMRR = 0.240911
[2018-01-31 04.52.03]	Raw.BestHITS = 0.489161
[2018-01-31 04.52.03]	Filter.BestMEANS = 84.193
[2018-01-31 04.52.03]	Filter.BestMRR= 0.512551
[2018-01-31 04.52.03]	Filter.BestHITS = 0.737228
[2018-01-31 05.20.27]	
[2018-01-31 05.20.27]	Raw.BestMEANS = 128.272
[2018-01-31 05.20.27]	Raw.BestMRR = 0.300039
[2018-01-31 05.20.27]	Raw.BestHITS = 0.56504
[2018-01-31 05.20.27]	Filter.BestMEANS = 56.8707
[2018-01-31 05.20.27]	Filter.BestMRR= 0.568186
[2018-01-31 05.20.27]	Filter.BestHITS = 0.792814
[2018-01-31 05.20.32]	10000	 Accuracy = 0.983755, Best = 0.983755
[2018-01-31 05.20.32]	
