[2018-01-27 22.15.49]	Starting...
[2018-01-27 22.15.49]		[Dataset]	FB15k
[2018-01-27 22.15.49]	LinkPredictionTail
[2018-01-27 22.15.49]		[Name]	TransE
[2018-01-27 22.15.49]		[Dimension]	100
[2018-01-27 22.15.49]		[Learning Rate]	0.001
[2018-01-27 22.15.49]		[Training Threshold]	1.8
[2018-01-27 22.15.50]		[Name]	SemanticModel.TransE
[2018-01-27 22.15.50]		[Dimension]	100
[2018-01-27 22.15.50]		[Learning Rate]	0.001
[2018-01-27 22.15.50]		[Training Threshold]	1.8
[2018-01-27 22.15.50]		[Topic Model]	LSI
[2018-01-27 22.15.50]		[V_semantic]	 random initialize
[2018-01-27 22.15.50]		[Balance]	0.2
[2018-01-27 22.15.51]		[Name]	SemanticModel.Joint
[2018-01-27 22.15.51]		[Factor]	0.1
[2018-01-27 22.15.53]		success load neighbor documents	
[2018-01-27 22.16.00]		success load description documents	
[2018-01-27 22.16.00]		[Epos]	10000
[2018-01-28 10.03.52]	
[2018-01-28 10.25.17]	
[2018-01-28 10.25.17]	Raw.BestMEANS = 192.455
[2018-01-28 10.25.17]	Raw.BestMRR = 0.224158
[2018-01-28 10.25.17]	Raw.BestHITS = 0.469855
[2018-01-28 10.25.17]	Filter.BestMEANS = 81.5841
[2018-01-28 10.25.17]	Filter.BestMRR= 0.479816
[2018-01-28 10.25.17]	Filter.BestHITS = 0.69576
[2018-01-28 10.46.50]	
[2018-01-28 10.46.50]	Raw.BestMEANS = 124.361
[2018-01-28 10.46.50]	Raw.BestMRR = 0.288042
[2018-01-28 10.46.50]	Raw.BestHITS = 0.547325
[2018-01-28 10.46.50]	Filter.BestMEANS = 55.7228
[2018-01-28 10.46.50]	Filter.BestMRR= 0.545657
[2018-01-28 10.46.50]	Filter.BestHITS = 0.763576
[2018-01-28 10.46.55]	10000	 Accuracy = 0.983651, Best = 0.983651
[2018-01-28 10.46.55]	
