[2018-01-24 16.30.08]	Starting...
[2018-01-24 16.30.08]		[Dataset]	FB15k
[2018-01-24 16.30.08]	LinkPredictionTail
[2018-01-24 16.30.08]		[Name]	TransE
[2018-01-24 16.30.08]		[Dimension]	100
[2018-01-24 16.30.08]		[Learning Rate]	0.001
[2018-01-24 16.30.08]		[Training Threshold]	1.8
[2018-01-24 16.30.08]		[Name]	SemanticModel.TransE
[2018-01-24 16.30.08]		[Dimension]	100
[2018-01-24 16.30.08]		[Learning Rate]	0.001
[2018-01-24 16.30.08]		[Training Threshold]	1.8
[2018-01-24 16.30.08]		[Topic Model]	LSI
[2018-01-24 16.30.08]		[Balance]	0.2
[2018-01-24 16.30.11]	neighbor semantic file loaded
[2018-01-24 16.30.26]	description semantic file loaded
[2018-01-24 16.30.26]		[Epos]	10000
[2018-01-25 01.22.13]	
[2018-01-25 01.46.14]	
[2018-01-25 01.46.14]	Raw.BestMEANS = 236.735
[2018-01-25 01.46.14]	Raw.BestMRR = 0.238057
[2018-01-25 01.46.14]	Raw.BestHITS = 0.489106
[2018-01-25 01.46.14]	Filter.BestMEANS = 109.257
[2018-01-25 01.46.14]	Filter.BestMRR= 0.528845
[2018-01-25 01.46.14]	Filter.BestHITS = 0.745797
[2018-01-25 02.10.22]	
[2018-01-25 02.10.22]	Raw.BestMEANS = 159.925
[2018-01-25 02.10.22]	Raw.BestMRR = 0.296701
[2018-01-25 02.10.22]	Raw.BestHITS = 0.567622
[2018-01-25 02.10.22]	Filter.BestMEANS = 77.1554
[2018-01-25 02.10.22]	Filter.BestMRR= 0.584761
[2018-01-25 02.10.22]	Filter.BestHITS = 0.807824
[2018-01-25 02.10.26]	10000	 Accuracy = 0.983664, Best = 0.983664
[2018-01-25 02.10.26]	
